Using pre-set license

 COMMAND LINE ARGUMENTS:
/Applications/Unity/Hub/Editor/2020.3.8f1/Unity.app/Contents/MacOS/Unity
-adb2
-batchMode
-noUpm
-name
AssetImportWorker0
-projectPath
/Users/llucsanchezgranados/Documents/GitHub/PelotasNoSound noe
-logFile
Logs/AssetImportWorker0.log
-srvPort
63786
Successfully changed project path to: /Users/llucsanchezgranados/Documents/GitHub/PelotasNoSound noe
/Users/llucsanchezgranados/Documents/GitHub/PelotasNoSound noe
Using Asset Import Pipeline V2.
Refreshing native plugins compatible for Editor in 52.52 ms, found 1 plugins.
Preloading 0 native plugins for Editor in 0.00 ms.
Initialize engine version: 2020.3.8f1 (507919d4fff5)
[Subsystems] Discovering subsystems at path /Applications/Unity/Hub/Editor/2020.3.8f1/Unity.app/Contents/Resources/UnitySubsystems
[Subsystems] Discovering subsystems at path /Users/llucsanchezgranados/Documents/GitHub/PelotasNoSound noe/Assets
GfxDevice: creating device client; threaded=0
2021-05-25 21:23:54.079 Unity[34998:926426] Color LCD preferred device: Intel(R) Iris(TM) Plus Graphics 645 (low power)
2021-05-25 21:23:54.079 Unity[34998:926426] Metal devices available: 1
2021-05-25 21:23:54.079 Unity[34998:926426] 0: Intel(R) Iris(TM) Plus Graphics 645 (low power)
2021-05-25 21:23:54.080 Unity[34998:926426] Using device Intel(R) Iris(TM) Plus Graphics 645 (low power)
Initializing Metal device caps: Intel(R) Iris(TM) Plus Graphics 645
Shader 'Universal Render Pipeline/Particles/Lit': fallback shader 'Universal Render Pipeline/Particles/SimpleLit' not found
Initialize mono
Mono path[0] = '/Applications/Unity/Hub/Editor/2020.3.8f1/Unity.app/Contents/Managed'
Mono path[1] = '/Applications/Unity/Hub/Editor/2020.3.8f1/Unity.app/Contents/MonoBleedingEdge/lib/mono/unityjit'
Mono config path = '/Applications/Unity/Hub/Editor/2020.3.8f1/Unity.app/Contents/MonoBleedingEdge/etc'
Using monoOptions --debugger-agent=transport=dt_socket,embedding=1,server=y,suspend=n,address=127.0.0.1:56998
Begin MonoManager ReloadAssembly
Registering precompiled unity dll's ...
Register platform support module: /Applications/Unity/Hub/Editor/2020.3.8f1/Unity.app/Contents/PlaybackEngines/MacStandaloneSupport/UnityEditor.OSXStandalone.Extensions.dll
Registered in 0.000754 seconds.
Native extension for OSXStandalone target not found
Refreshing native plugins compatible for Editor in 65.19 ms, found 1 plugins.
Preloading 0 native plugins for Editor in 0.00 ms.
Mono: successfully reloaded assembly
- Completed reload, in  2.300 seconds
Platform modules already initialized, skipping
Registering precompiled user dll's ...
Registered in 0.000894 seconds.
Begin MonoManager ReloadAssembly
Native extension for OSXStandalone target not found
Refreshing native plugins compatible for Editor in 68.60 ms, found 1 plugins.
Preloading 0 native plugins for Editor in 0.00 ms.
Mono: successfully reloaded assembly
- Completed reload, in  1.639 seconds
Platform modules already initialized, skipping
========================================================================
Worker process is ready to serve import requests
Shader 'Universal Render Pipeline/Particles/Lit': fallback shader 'Universal Render Pipeline/Particles/SimpleLit' not found
Launching external process: /Applications/Unity/Hub/Editor/2020.3.8f1/Unity.app/Contents/Tools/UnityShaderCompiler
Launched and connected shader compiler UnityShaderCompiler after 0.01 seconds
Refreshing native plugins compatible for Editor in 0.76 ms, found 1 plugins.
Preloading 0 native plugins for Editor in 0.00 ms.
Unloading 2723 Unused Serialized files (Serialized files now loaded: 0)
System memory in use before: 194.2 MB.
System memory in use after: 194.4 MB.

Unloading 12 unused Assets to reduce memory usage. Loaded Objects now: 3166.
Total: 3.139791 ms (FindLiveObjects: 0.377960 ms CreateObjectMapping: 0.163482 ms MarkObjects: 2.502421 ms  DeleteObjects: 0.094640 ms)

========================================================================
Received Import Request.
  path: Assets/Audio/Mezclador.mixer
  artifactKey: Guid(1dfd7b5d56e7e4260a821a8d33f81d66) Importer(815301076,1909f56bfc062723c751e8b465ee728b)
Start importing Assets/Audio/Mezclador.mixer using Guid(1dfd7b5d56e7e4260a821a8d33f81d66) Importer(815301076,1909f56bfc062723c751e8b465ee728b)  -> (artifact id: '883ab59023658bdc18a1bb8690064553') in 0.483415 seconds
  Import took 0.488702 seconds .

========================================================================
Received Import Request.
  Time since last request: 46.025458 seconds.
  path: Assets/Audio/Audios
  artifactKey: Guid(10fb5ce97a3d74e9b9518aa97634aef7) Importer(815301076,1909f56bfc062723c751e8b465ee728b)
Start importing Assets/Audio/Audios using Guid(10fb5ce97a3d74e9b9518aa97634aef7) Importer(815301076,1909f56bfc062723c751e8b465ee728b)  -> (artifact id: 'b2f8441e0414eefd4f9a2de81b5a3e2d') in 0.001038 seconds
  Import took 0.005898 seconds .

========================================================================
Received Import Request.
  Time since last request: 26.546862 seconds.
  path: Assets/Audio/Audios/445818__thoryn__throwing-disc-against-wall.wav
  artifactKey: Guid(6921cc67659c74316ab70996e8ba4b44) Importer(815301076,1909f56bfc062723c751e8b465ee728b)
Start importing Assets/Audio/Audios/445818__thoryn__throwing-disc-against-wall.wav using Guid(6921cc67659c74316ab70996e8ba4b44) Importer(815301076,1909f56bfc062723c751e8b465ee728b)  -> (artifact id: '007a34009ef0a5ffc25b2cbf2b1e0435') in 0.465390 seconds
  Import took 0.471240 seconds .

========================================================================
Received Import Request.
  Time since last request: 8.053721 seconds.
  path: Assets/Audio/Audios/ambiente.wav
  artifactKey: Guid(6a6092a9cfcf94657b5bd0c22db2ce79) Importer(815301076,1909f56bfc062723c751e8b465ee728b)
Start importing Assets/Audio/Audios/ambiente.wav using Guid(6a6092a9cfcf94657b5bd0c22db2ce79) Importer(815301076,1909f56bfc062723c751e8b465ee728b)  -> (artifact id: '6fea49ab38d99ce74c54b19176980aa9') in 0.008960 seconds
  Import took 0.013841 seconds .

========================================================================
Received Import Request.
  Time since last request: 14.983579 seconds.
  path: Assets/Audio/Audios/choque pelotaa.wav
  artifactKey: Guid(45f974b8e942740c2a7a521e56cbccbe) Importer(815301076,1909f56bfc062723c751e8b465ee728b)
Start importing Assets/Audio/Audios/choque pelotaa.wav using Guid(45f974b8e942740c2a7a521e56cbccbe) Importer(815301076,1909f56bfc062723c751e8b465ee728b)  -> (artifact id: '8bb607e5284bbe5e7c631c7a1c3bebed') in 0.010191 seconds
  Import took 0.015927 seconds .

========================================================================
Received Import Request.
  Time since last request: 4.836514 seconds.
  path: Assets/Audio/Audios/pelota rodando.wav
  artifactKey: Guid(9ab2ae41064f64e3d8eba1fb409f584a) Importer(815301076,1909f56bfc062723c751e8b465ee728b)
Start importing Assets/Audio/Audios/pelota rodando.wav using Guid(9ab2ae41064f64e3d8eba1fb409f584a) Importer(815301076,1909f56bfc062723c751e8b465ee728b)  -> (artifact id: '4ac1dcb8170fb41cb5806ca1e0a62182') in 0.008812 seconds
  Import took 0.014321 seconds .

========================================================================
Received Prepare
Registering precompiled user dll's ...
Registered in 0.000909 seconds.
Begin MonoManager ReloadAssembly
Native extension for OSXStandalone target not found
Refreshing native plugins compatible for Editor in 0.54 ms, found 1 plugins.
Preloading 0 native plugins for Editor in 0.00 ms.
Mono: successfully reloaded assembly
- Completed reload, in  1.108 seconds
Platform modules already initialized, skipping
Shader 'Universal Render Pipeline/Particles/Lit': fallback shader 'Universal Render Pipeline/Particles/SimpleLit' not found
Refreshing native plugins compatible for Editor in 0.40 ms, found 1 plugins.
Preloading 0 native plugins for Editor in 0.00 ms.
Unloading 2614 Unused Serialized files (Serialized files now loaded: 0)
System memory in use before: 199.3 MB.
System memory in use after: 199.5 MB.

Unloading 5 unused Assets to reduce memory usage. Loaded Objects now: 3178.
Total: 2.374464 ms (FindLiveObjects: 0.277061 ms CreateObjectMapping: 0.130402 ms MarkObjects: 1.951882 ms  DeleteObjects: 0.014339 ms)

========================================================================
Received Prepare
Registering precompiled user dll's ...
Registered in 0.000924 seconds.
Begin MonoManager ReloadAssembly
Native extension for OSXStandalone target not found
Refreshing native plugins compatible for Editor in 0.52 ms, found 1 plugins.
Preloading 0 native plugins for Editor in 0.00 ms.
Mono: successfully reloaded assembly
- Completed reload, in  1.118 seconds
Platform modules already initialized, skipping
Shader 'Universal Render Pipeline/Particles/Lit': fallback shader 'Universal Render Pipeline/Particles/SimpleLit' not found
Refreshing native plugins compatible for Editor in 0.39 ms, found 1 plugins.
Preloading 0 native plugins for Editor in 0.00 ms.
Unloading 2614 Unused Serialized files (Serialized files now loaded: 0)
System memory in use before: 199.6 MB.
System memory in use after: 199.8 MB.

Unloading 5 unused Assets to reduce memory usage. Loaded Objects now: 3181.
Total: 2.437725 ms (FindLiveObjects: 0.341781 ms CreateObjectMapping: 0.119748 ms MarkObjects: 1.961955 ms  DeleteObjects: 0.013128 ms)

========================================================================
Received Import Request.
  Time since last request: 466.260677 seconds.
  path: Assets/Audio/Mezclador.mixer
  artifactKey: Guid(1dfd7b5d56e7e4260a821a8d33f81d66) Importer(815301076,1909f56bfc062723c751e8b465ee728b)
Start importing Assets/Audio/Mezclador.mixer using Guid(1dfd7b5d56e7e4260a821a8d33f81d66) Importer(815301076,1909f56bfc062723c751e8b465ee728b)  -> (artifact id: '1179417c30e268e561eae845b66dff3a') in 0.016472 seconds
  Import took 0.021605 seconds .

